This file contains any messages produced by compilers while
running configure, to aid debugging if configure makes a mistake.

It was created by moon-buggy configure 1.0.51, which was
generated by GNU Autoconf 2.69.  Invocation command line was

  $ ./configure 

## --------- ##
## Platform. ##
## --------- ##

hostname = forensics-VirtualBox
uname -m = x86_64
uname -r = 5.15.0-60-generic
uname -s = Linux
uname -v = #66~20.04.1-Ubuntu SMP Wed Jan 25 09:41:30 UTC 2023

/usr/bin/uname -p = x86_64
/bin/uname -X     = unknown

/bin/arch              = x86_64
/usr/bin/arch -k       = unknown
/usr/convex/getsysinfo = unknown
/usr/bin/hostinfo      = unknown
/bin/machine           = unknown
/usr/bin/oslevel       = unknown
/bin/universe          = unknown

PATH: /usr/local/sbin
PATH: /usr/local/bin
PATH: /usr/sbin
PATH: /usr/bin
PATH: /sbin
PATH: /bin
PATH: /usr/games
PATH: /usr/local/games
PATH: /snap/bin


## ----------- ##
## Core tests. ##
## ----------- ##

configure:2286: checking for a BSD-compatible install
configure:2354: result: /usr/bin/install -c
configure:2365: checking whether build environment is sane
configure:2420: result: yes
configure:2569: checking for a thread-safe mkdir -p
configure:2608: result: /usr/bin/mkdir -p
configure:2615: checking for gawk
configure:2645: result: no
configure:2615: checking for mawk
configure:2631: found /usr/bin/mawk
configure:2642: result: mawk
configure:2653: checking whether make sets $(MAKE)
configure:2675: result: yes
configure:2704: checking whether make supports nested variables
configure:2721: result: yes
configure:2854: checking build system type
configure:2868: result: x86_64-pc-linux-gnu
configure:2888: checking host system type
configure:2901: result: x86_64-pc-linux-gnu
configure:2989: checking for gcc
configure:3005: found /usr/bin/gcc
configure:3016: result: gcc
configure:3245: checking for C compiler version
configure:3254: gcc --version >&5
gcc (Ubuntu 9.4.0-1ubuntu1~20.04.1) 9.4.0
Copyright (C) 2019 Free Software Foundation, Inc.
This is free software; see the source for copying conditions.  There is NO
warranty; not even for MERCHANTABILITY or FITNESS FOR A PARTICULAR PURPOSE.

configure:3265: $? = 0
configure:3254: gcc -v >&5
Using built-in specs.
COLLECT_GCC=gcc
COLLECT_LTO_WRAPPER=/usr/lib/gcc/x86_64-linux-gnu/9/lto-wrapper
OFFLOAD_TARGET_NAMES=nvptx-none:hsa
OFFLOAD_TARGET_DEFAULT=1
Target: x86_64-linux-gnu
Configured with: ../src/configure -v --with-pkgversion='Ubuntu 9.4.0-1ubuntu1~20.04.1' --with-bugurl=file:///usr/share/doc/gcc-9/README.Bugs --enable-languages=c,ada,c++,go,brig,d,fortran,objc,obj-c++,gm2 --prefix=/usr --with-gcc-major-version-only --program-suffix=-9 --program-prefix=x86_64-linux-gnu- --enable-shared --enable-linker-build-id --libexecdir=/usr/lib --without-included-gettext --enable-threads=posix --libdir=/usr/lib --enable-nls --enable-clocale=gnu --enable-libstdcxx-debug --enable-libstdcxx-time=yes --with-default-libstdcxx-abi=new --enable-gnu-unique-object --disable-vtable-verify --enable-plugin --enable-default-pie --with-system-zlib --with-target-system-zlib=auto --enable-objc-gc=auto --enable-multiarch --disable-werror --with-arch-32=i686 --with-abi=m64 --with-multilib-list=m32,m64,mx32 --enable-multilib --with-tune=generic --enable-offload-targets=nvptx-none=/build/gcc-9-Av3uEd/gcc-9-9.4.0/debian/tmp-nvptx/usr,hsa --without-cuda-driver --enable-checking=release --build=x86_64-linux-gnu --host=x86_64-linux-gnu --target=x86_64-linux-gnu
Thread model: posix
gcc version 9.4.0 (Ubuntu 9.4.0-1ubuntu1~20.04.1) 
configure:3265: $? = 0
configure:3254: gcc -V >&5
gcc: error: unrecognized command line option '-V'
gcc: fatal error: no input files
compilation terminated.
configure:3265: $? = 1
configure:3254: gcc -qversion >&5
gcc: error: unrecognized command line option '-qversion'; did you mean '--version'?
gcc: fatal error: no input files
compilation terminated.
configure:3265: $? = 1
configure:3285: checking whether the C compiler works
configure:3307: gcc    conftest.c  >&5
configure:3311: $? = 0
configure:3359: result: yes
configure:3362: checking for C compiler default output file name
configure:3364: result: a.out
configure:3370: checking for suffix of executables
configure:3377: gcc -o conftest    conftest.c  >&5
configure:3381: $? = 0
configure:3403: result: 
configure:3425: checking whether we are cross compiling
configure:3433: gcc -o conftest    conftest.c  >&5
configure:3437: $? = 0
configure:3444: ./conftest
configure:3448: $? = 0
configure:3436: result: no
configure:3441: checking for suffix of object files
configure:3463: gcc -c   conftest.c >&5
configure:3467: $? = 0
configure:3488: result: o
configure:3492: checking whether we are using the GNU C compiler
configure:3511: gcc -c   conftest.c >&5
configure:3511: $? = 0
configure:3520: result: yes
configure:3529: checking whether gcc accepts -g
configure:3549: gcc -c -g  conftest.c >&5
configure:3549: $? = 0
configure:3590: result: yes
configure:3607: checking for gcc option to accept ISO C89
configure:3670: gcc  -c -g -O2  conftest.c >&5
configure:3670: $? = 0
configure:3683: result: none needed
configure:3708: checking whether gcc understands -c and -o together
configure:3730: gcc -c conftest.c -o conftest2.o
configure:3733: $? = 0
configure:3730: gcc -c conftest.c -o conftest2.o
configure:3733: $? = 0
configure:3745: result: yes
configure:3765: checking whether make supports the include directive
configure:3780: make -f confmf.GNU && cat confinc.out
this is the am__doit target
configure:3783: $? = 0
configure:3802: result: yes (GNU style)
configure:3827: checking dependency style of gcc
configure:3938: result: gcc3
configure:3955: checking for modf in -lm
configure:3980: gcc -o conftest -g -O2   conftest.c -lm   >&5
conftest.c:19:6: warning: conflicting types for built-in function 'modf'; expected 'double(double,  double *)' [-Wbuiltin-declaration-mismatch]
   19 | char modf ();
      |      ^~~~
conftest.c:1:1: note: 'modf' is declared in header '<math.h>'
    1 | /* confdefs.h */
configure:3980: $? = 0
configure:3989: result: yes
configure:4005: checking how to run the C preprocessor
configure:4036: gcc -E  conftest.c
configure:4036: $? = 0
configure:4050: gcc -E  conftest.c
conftest.c:13:10: fatal error: ac_nonexistent.h: No such file or directory
   13 | #include <ac_nonexistent.h>
      |          ^~~~~~~~~~~~~~~~~~
compilation terminated.
configure:4050: $? = 1
configure: failed program was:
| /* confdefs.h */
| #define PACKAGE_NAME "moon-buggy"
| #define PACKAGE_TARNAME "moon-buggy"
| #define PACKAGE_VERSION "1.0.51"
| #define PACKAGE_STRING "moon-buggy 1.0.51"
| #define PACKAGE_BUGREPORT "voss@seehuhn.de"
| #define PACKAGE_URL ""
| #define PACKAGE "moon-buggy"
| #define VERSION "1.0.51"
| #define _XOPEN_SOURCE 1
| #define HAVE_LIBM 1
| /* end confdefs.h.  */
| #include <ac_nonexistent.h>
configure:4075: result: gcc -E
configure:4095: gcc -E  conftest.c
configure:4095: $? = 0
configure:4109: gcc -E  conftest.c
conftest.c:13:10: fatal error: ac_nonexistent.h: No such file or directory
   13 | #include <ac_nonexistent.h>
      |          ^~~~~~~~~~~~~~~~~~
compilation terminated.
configure:4109: $? = 1
configure: failed program was:
| /* confdefs.h */
| #define PACKAGE_NAME "moon-buggy"
| #define PACKAGE_TARNAME "moon-buggy"
| #define PACKAGE_VERSION "1.0.51"
| #define PACKAGE_STRING "moon-buggy 1.0.51"
| #define PACKAGE_BUGREPORT "voss@seehuhn.de"
| #define PACKAGE_URL ""
| #define PACKAGE "moon-buggy"
| #define VERSION "1.0.51"
| #define _XOPEN_SOURCE 1
| #define HAVE_LIBM 1
| /* end confdefs.h.  */
| #include <ac_nonexistent.h>
configure:4138: checking for grep that handles long lines and -e
configure:4196: result: /usr/bin/grep
configure:4201: checking for egrep
configure:4263: result: /usr/bin/grep -E
configure:4268: checking for ANSI C header files
configure:4288: gcc -c -g -O2  conftest.c >&5
configure:4288: $? = 0
configure:4361: gcc -o conftest -g -O2   conftest.c -lm  >&5
configure:4361: $? = 0
configure:4361: ./conftest
configure:4361: $? = 0
configure:4372: result: yes
configure:4385: checking for sys/types.h
configure:4385: gcc -c -g -O2  conftest.c >&5
configure:4385: $? = 0
configure:4385: result: yes
configure:4385: checking for sys/stat.h
configure:4385: gcc -c -g -O2  conftest.c >&5
configure:4385: $? = 0
configure:4385: result: yes
configure:4385: checking for stdlib.h
configure:4385: gcc -c -g -O2  conftest.c >&5
configure:4385: $? = 0
configure:4385: result: yes
configure:4385: checking for string.h
configure:4385: gcc -c -g -O2  conftest.c >&5
configure:4385: $? = 0
configure:4385: result: yes
configure:4385: checking for memory.h
configure:4385: gcc -c -g -O2  conftest.c >&5
configure:4385: $? = 0
configure:4385: result: yes
configure:4385: checking for strings.h
configure:4385: gcc -c -g -O2  conftest.c >&5
configure:4385: $? = 0
configure:4385: result: yes
configure:4385: checking for inttypes.h
configure:4385: gcc -c -g -O2  conftest.c >&5
configure:4385: $? = 0
configure:4385: result: yes
configure:4385: checking for stdint.h
configure:4385: gcc -c -g -O2  conftest.c >&5
configure:4385: $? = 0
configure:4385: result: yes
configure:4385: checking for unistd.h
configure:4385: gcc -c -g -O2  conftest.c >&5
configure:4385: $? = 0
configure:4385: result: yes
configure:4398: checking for curses preprocessor flags
configure:4417: result: none
configure:4438: checking curses.h usability
configure:4438: gcc -c -g -O2   conftest.c >&5
configure:4438: $? = 0
configure:4438: result: yes
configure:4438: checking curses.h presence
configure:4438: gcc -E   conftest.c
configure:4438: $? = 0
configure:4438: result: yes
configure:4438: checking for curses.h
configure:4438: result: yes
configure:4460: checking how to include the curses header file
configure:4468: result: <curses.h>
configure:4490: checking for initscr in -lcurses
configure:4515: gcc -o conftest -g -O2   conftest.c -lcurses  -lm  >&5
configure:4515: $? = 0
configure:4524: result: yes
configure:4573: checking for curses linker flags
configure:4577: result: -lcurses
configure:4587: checking for ANSI C header files
configure:4691: result: yes
configure:4702: checking getopt.h usability
configure:4702: gcc -c -g -O2  conftest.c >&5
configure:4702: $? = 0
configure:4702: result: yes
configure:4702: checking getopt.h presence
configure:4702: gcc -E  conftest.c
configure:4702: $? = 0
configure:4702: result: yes
configure:4702: checking for getopt.h
configure:4702: result: yes
configure:4702: checking errno.h usability
configure:4702: gcc -c -g -O2  conftest.c >&5
configure:4702: $? = 0
configure:4702: result: yes
configure:4702: checking errno.h presence
configure:4702: gcc -E  conftest.c
configure:4702: $? = 0
configure:4702: result: yes
configure:4702: checking for errno.h
configure:4702: result: yes
configure:4702: checking locale.h usability
configure:4702: gcc -c -g -O2  conftest.c >&5
configure:4702: $? = 0
configure:4702: result: yes
configure:4702: checking locale.h presence
configure:4702: gcc -E  conftest.c
configure:4702: $? = 0
configure:4702: result: yes
configure:4702: checking for locale.h
configure:4702: result: yes
configure:4702: checking termios.h usability
configure:4702: gcc -c -g -O2  conftest.c >&5
configure:4702: $? = 0
configure:4702: result: yes
configure:4702: checking termios.h presence
configure:4702: gcc -E  conftest.c
configure:4702: $? = 0
configure:4702: result: yes
configure:4702: checking for termios.h
configure:4702: result: yes
configure:4714: checking for fd_set
configure:4727: gcc -c -g -O2  conftest.c >&5
conftest.c: In function 'main':
conftest.c:34:1: error: unknown type name 'fd_set'
   34 | fd_set readMask, writeMask;
      | ^~~~~~
configure:4727: $? = 1
configure: failed program was:
| /* confdefs.h */
| #define PACKAGE_NAME "moon-buggy"
| #define PACKAGE_TARNAME "moon-buggy"
| #define PACKAGE_VERSION "1.0.51"
| #define PACKAGE_STRING "moon-buggy 1.0.51"
| #define PACKAGE_BUGREPORT "voss@seehuhn.de"
| #define PACKAGE_URL ""
| #define PACKAGE "moon-buggy"
| #define VERSION "1.0.51"
| #define _XOPEN_SOURCE 1
| #define HAVE_LIBM 1
| #define STDC_HEADERS 1
| #define HAVE_SYS_TYPES_H 1
| #define HAVE_SYS_STAT_H 1
| #define HAVE_STDLIB_H 1
| #define HAVE_STRING_H 1
| #define HAVE_MEMORY_H 1
| #define HAVE_STRINGS_H 1
| #define HAVE_INTTYPES_H 1
| #define HAVE_STDINT_H 1
| #define HAVE_UNISTD_H 1
| #define HAVE_CURSES_H 1
| #define CURSES_HEADER <curses.h>
| #define STDC_HEADERS 1
| #define HAVE_GETOPT_H 1
| #define HAVE_ERRNO_H 1
| #define HAVE_LOCALE_H 1
| #define HAVE_TERMIOS_H 1
| /* end confdefs.h.  */
| #include <sys/types.h>
| int
| main ()
| {
| fd_set readMask, writeMask;
|   ;
|   return 0;
| }
configure:4752: result: yes, found in sys/select.h
configure:4763: checking for an ANSI C-conforming const
configure:4829: gcc -c -g -O2  conftest.c >&5
configure:4829: $? = 0
configure:4836: result: yes
configure:4844: checking for uid_t in sys/types.h
configure:4863: result: yes
configure:4874: checking for size_t
configure:4874: gcc -c -g -O2  conftest.c >&5
configure:4874: $? = 0
configure:4874: gcc -c -g -O2  conftest.c >&5
conftest.c: In function 'main':
conftest.c:67:21: error: expected expression before ')' token
   67 | if (sizeof ((size_t)))
      |                     ^
configure:4874: $? = 1
configure: failed program was:
| /* confdefs.h */
| #define PACKAGE_NAME "moon-buggy"
| #define PACKAGE_TARNAME "moon-buggy"
| #define PACKAGE_VERSION "1.0.51"
| #define PACKAGE_STRING "moon-buggy 1.0.51"
| #define PACKAGE_BUGREPORT "voss@seehuhn.de"
| #define PACKAGE_URL ""
| #define PACKAGE "moon-buggy"
| #define VERSION "1.0.51"
| #define _XOPEN_SOURCE 1
| #define HAVE_LIBM 1
| #define STDC_HEADERS 1
| #define HAVE_SYS_TYPES_H 1
| #define HAVE_SYS_STAT_H 1
| #define HAVE_STDLIB_H 1
| #define HAVE_STRING_H 1
| #define HAVE_MEMORY_H 1
| #define HAVE_STRINGS_H 1
| #define HAVE_INTTYPES_H 1
| #define HAVE_STDINT_H 1
| #define HAVE_UNISTD_H 1
| #define HAVE_CURSES_H 1
| #define CURSES_HEADER <curses.h>
| #define STDC_HEADERS 1
| #define HAVE_GETOPT_H 1
| #define HAVE_ERRNO_H 1
| #define HAVE_LOCALE_H 1
| #define HAVE_TERMIOS_H 1
| #define HAVE_SYS_SELECT_H 1
| /* end confdefs.h.  */
| #include <stdio.h>
| #ifdef HAVE_SYS_TYPES_H
| # include <sys/types.h>
| #endif
| #ifdef HAVE_SYS_STAT_H
| # include <sys/stat.h>
| #endif
| #ifdef STDC_HEADERS
| # include <stdlib.h>
| # include <stddef.h>
| #else
| # ifdef HAVE_STDLIB_H
| #  include <stdlib.h>
| # endif
| #endif
| #ifdef HAVE_STRING_H
| # if !defined STDC_HEADERS && defined HAVE_MEMORY_H
| #  include <memory.h>
| # endif
| # include <string.h>
| #endif
| #ifdef HAVE_STRINGS_H
| # include <strings.h>
| #endif
| #ifdef HAVE_INTTYPES_H
| # include <inttypes.h>
| #endif
| #ifdef HAVE_STDINT_H
| # include <stdint.h>
| #endif
| #ifdef HAVE_UNISTD_H
| # include <unistd.h>
| #endif
| int
| main ()
| {
| if (sizeof ((size_t)))
| 	    return 0;
|   ;
|   return 0;
| }
configure:4874: result: yes
configure:4886: checking return type of signal handlers
configure:4904: gcc -c -g -O2  conftest.c >&5
conftest.c: In function 'main':
conftest.c:37:10: error: void value not ignored as it ought to be
   37 | return *(signal (0, 0)) (0) == 1;
      |         ~^~~~~~~~~~~~~~~~~~
configure:4904: $? = 1
configure: failed program was:
| /* confdefs.h */
| #define PACKAGE_NAME "moon-buggy"
| #define PACKAGE_TARNAME "moon-buggy"
| #define PACKAGE_VERSION "1.0.51"
| #define PACKAGE_STRING "moon-buggy 1.0.51"
| #define PACKAGE_BUGREPORT "voss@seehuhn.de"
| #define PACKAGE_URL ""
| #define PACKAGE "moon-buggy"
| #define VERSION "1.0.51"
| #define _XOPEN_SOURCE 1
| #define HAVE_LIBM 1
| #define STDC_HEADERS 1
| #define HAVE_SYS_TYPES_H 1
| #define HAVE_SYS_STAT_H 1
| #define HAVE_STDLIB_H 1
| #define HAVE_STRING_H 1
| #define HAVE_MEMORY_H 1
| #define HAVE_STRINGS_H 1
| #define HAVE_INTTYPES_H 1
| #define HAVE_STDINT_H 1
| #define HAVE_UNISTD_H 1
| #define HAVE_CURSES_H 1
| #define CURSES_HEADER <curses.h>
| #define STDC_HEADERS 1
| #define HAVE_GETOPT_H 1
| #define HAVE_ERRNO_H 1
| #define HAVE_LOCALE_H 1
| #define HAVE_TERMIOS_H 1
| #define HAVE_SYS_SELECT_H 1
| /* end confdefs.h.  */
| #include <sys/types.h>
| #include <signal.h>
| 
| int
| main ()
| {
| return *(signal (0, 0)) (0) == 1;
|   ;
|   return 0;
| }
configure:4911: result: void
configure:4922: checking for fclean
configure:4922: gcc -o conftest -g -O2   conftest.c -lm  >&5
/usr/bin/ld: /tmp/ccxwJp8m.o: in function `main':
/home/forensics/Desktop/SS/moon-buggy-master/conftest.c:66: undefined reference to `fclean'
collect2: error: ld returned 1 exit status
configure:4922: $? = 1
configure: failed program was:
| /* confdefs.h */
| #define PACKAGE_NAME "moon-buggy"
| #define PACKAGE_TARNAME "moon-buggy"
| #define PACKAGE_VERSION "1.0.51"
| #define PACKAGE_STRING "moon-buggy 1.0.51"
| #define PACKAGE_BUGREPORT "voss@seehuhn.de"
| #define PACKAGE_URL ""
| #define PACKAGE "moon-buggy"
| #define VERSION "1.0.51"
| #define _XOPEN_SOURCE 1
| #define HAVE_LIBM 1
| #define STDC_HEADERS 1
| #define HAVE_SYS_TYPES_H 1
| #define HAVE_SYS_STAT_H 1
| #define HAVE_STDLIB_H 1
| #define HAVE_STRING_H 1
| #define HAVE_MEMORY_H 1
| #define HAVE_STRINGS_H 1
| #define HAVE_INTTYPES_H 1
| #define HAVE_STDINT_H 1
| #define HAVE_UNISTD_H 1
| #define HAVE_CURSES_H 1
| #define CURSES_HEADER <curses.h>
| #define STDC_HEADERS 1
| #define HAVE_GETOPT_H 1
| #define HAVE_ERRNO_H 1
| #define HAVE_LOCALE_H 1
| #define HAVE_TERMIOS_H 1
| #define HAVE_SYS_SELECT_H 1
| #define RETSIGTYPE void
| /* end confdefs.h.  */
| /* Define fclean to an innocuous variant, in case <limits.h> declares fclean.
|    For example, HP-UX 11i <limits.h> declares gettimeofday.  */
| #define fclean innocuous_fclean
| 
| /* System header to define __stub macros and hopefully few prototypes,
|     which can conflict with char fclean (); below.
|     Prefer <limits.h> to <assert.h> if __STDC__ is defined, since
|     <limits.h> exists even on freestanding compilers.  */
| 
| #ifdef __STDC__
| # include <limits.h>
| #else
| # include <assert.h>
| #endif
| 
| #undef fclean
| 
| /* Override any GCC internal prototype to avoid an error.
|    Use char because int might match the return type of a GCC
|    builtin and then its argument prototype would still apply.  */
| #ifdef __cplusplus
| extern "C"
| #endif
| char fclean ();
| /* The GNU C library defines this for functions which it implements
|     to always fail with ENOSYS.  Some functions are actually named
|     something starting with __ and the normal name is an alias.  */
| #if defined __stub_fclean || defined __stub___fclean
| choke me
| #endif
| 
| int
| main ()
| {
| return fclean ();
|   ;
|   return 0;
| }
configure:4922: result: no
configure:4922: checking for ftruncate
configure:4922: gcc -o conftest -g -O2   conftest.c -lm  >&5
configure:4922: $? = 0
configure:4922: result: yes
configure:4922: checking for getopt_long
configure:4922: gcc -o conftest -g -O2   conftest.c -lm  >&5
configure:4922: $? = 0
configure:4922: result: yes
configure:4922: checking for setreuid
configure:4922: gcc -o conftest -g -O2   conftest.c -lm  >&5
configure:4922: $? = 0
configure:4922: result: yes
configure:4922: checking for setlocale
configure:4922: gcc -o conftest -g -O2   conftest.c -lm  >&5
configure:4922: $? = 0
configure:4922: result: yes
configure:5043: checking that generated files are newer than configure
configure:5049: result: done
configure:5076: creating ./config.status

## ---------------------- ##
## Running config.status. ##
## ---------------------- ##

This file was extended by moon-buggy config.status 1.0.51, which was
generated by GNU Autoconf 2.69.  Invocation command line was

  CONFIG_FILES    = 
  CONFIG_HEADERS  = 
  CONFIG_LINKS    = 
  CONFIG_COMMANDS = 
  $ ./config.status 

on forensics-VirtualBox

config.status:877: creating Makefile
config.status:877: creating config.h
config.status:1106: executing depfiles commands
config.status:1183: cd .       && sed -e '/# am--include-marker/d' Makefile         | make -f - am--depfiles
config.status:1188: $? = 0

## ---------------- ##
## Cache variables. ##
## ---------------- ##

ac_cv_build=x86_64-pc-linux-gnu
ac_cv_c_compiler_gnu=yes
ac_cv_c_const=yes
ac_cv_env_CC_set=
ac_cv_env_CC_value=
ac_cv_env_CFLAGS_set=
ac_cv_env_CFLAGS_value=
ac_cv_env_CPPFLAGS_set=
ac_cv_env_CPPFLAGS_value=
ac_cv_env_CPP_set=
ac_cv_env_CPP_value=
ac_cv_env_LDFLAGS_set=
ac_cv_env_LDFLAGS_value=
ac_cv_env_LIBS_set=
ac_cv_env_LIBS_value=
ac_cv_env_build_alias_set=
ac_cv_env_build_alias_value=
ac_cv_env_host_alias_set=
ac_cv_env_host_alias_value=
ac_cv_env_target_alias_set=
ac_cv_env_target_alias_value=
ac_cv_func_fclean=no
ac_cv_func_ftruncate=yes
ac_cv_func_getopt_long=yes
ac_cv_func_setlocale=yes
ac_cv_func_setreuid=yes
ac_cv_header_curses_h=yes
ac_cv_header_errno_h=yes
ac_cv_header_getopt_h=yes
ac_cv_header_inttypes_h=yes
ac_cv_header_locale_h=yes
ac_cv_header_memory_h=yes
ac_cv_header_stdc=yes
ac_cv_header_stdint_h=yes
ac_cv_header_stdlib_h=yes
ac_cv_header_string_h=yes
ac_cv_header_strings_h=yes
ac_cv_header_sys_stat_h=yes
ac_cv_header_sys_types_h=yes
ac_cv_header_termios_h=yes
ac_cv_header_unistd_h=yes
ac_cv_host=x86_64-pc-linux-gnu
ac_cv_lib_curses_initscr=yes
ac_cv_lib_m_modf=yes
ac_cv_objext=o
ac_cv_path_EGREP='/usr/bin/grep -E'
ac_cv_path_GREP=/usr/bin/grep
ac_cv_path_install='/usr/bin/install -c'
ac_cv_path_mkdir=/usr/bin/mkdir
ac_cv_prog_AWK=mawk
ac_cv_prog_CPP='gcc -E'
ac_cv_prog_ac_ct_CC=gcc
ac_cv_prog_cc_c89=
ac_cv_prog_cc_g=yes
ac_cv_prog_make_make_set=yes
ac_cv_type_signal=void
ac_cv_type_size_t=yes
ac_cv_type_uid_t=yes
am_cv_CC_dependencies_compiler_type=gcc3
am_cv_make_support_nested_variables=yes
am_cv_prog_cc_c_o=yes

## ----------------- ##
## Output variables. ##
## ----------------- ##

ACLOCAL='${SHELL} /home/forensics/Desktop/SS/moon-buggy-master/missing aclocal-1.16'
AMDEPBACKSLASH='\'
AMDEP_FALSE='#'
AMDEP_TRUE=''
AMTAR='$${TAR-tar}'
AM_BACKSLASH='\'
AM_DEFAULT_V='$(AM_DEFAULT_VERBOSITY)'
AM_DEFAULT_VERBOSITY='1'
AM_V='$(V)'
AUTOCONF='${SHELL} /home/forensics/Desktop/SS/moon-buggy-master/missing autoconf'
AUTOHEADER='${SHELL} /home/forensics/Desktop/SS/moon-buggy-master/missing autoheader'
AUTOMAKE='${SHELL} /home/forensics/Desktop/SS/moon-buggy-master/missing automake-1.16'
AWK='mawk'
CC='gcc'
CCDEPMODE='depmode=gcc3'
CFLAGS='-g -O2'
CPP='gcc -E'
CPPFLAGS=''
CURSES_INCLUDEDIR=''
CURSES_LIBS='-lcurses'
CYGPATH_W='echo'
DEFS='-DHAVE_CONFIG_H'
DEPDIR='.deps'
ECHO_C=''
ECHO_N='-n'
ECHO_T=''
EGREP='/usr/bin/grep -E'
EXEEXT=''
GAMEGROUP=''
GREP='/usr/bin/grep'
INSTALL_DATA='${INSTALL} -m 644'
INSTALL_PROGRAM='${INSTALL}'
INSTALL_SCRIPT='${INSTALL}'
INSTALL_STRIP_PROGRAM='$(install_sh) -c -s'
LDFLAGS=''
LIBOBJS=''
LIBS='-lm '
LTLIBOBJS=''
MAKEINFO='${SHELL} /home/forensics/Desktop/SS/moon-buggy-master/missing makeinfo'
MKDIR_P='/usr/bin/mkdir -p'
OBJEXT='o'
PACKAGE='moon-buggy'
PACKAGE_BUGREPORT='voss@seehuhn.de'
PACKAGE_NAME='moon-buggy'
PACKAGE_STRING='moon-buggy 1.0.51'
PACKAGE_TARNAME='moon-buggy'
PACKAGE_URL=''
PACKAGE_VERSION='1.0.51'
PATH_SEPARATOR=':'
SET_MAKE=''
SHELL='/bin/bash'
STRIP=''
VERSION='1.0.51'
ac_ct_CC='gcc'
am__EXEEXT_FALSE=''
am__EXEEXT_TRUE='#'
am__fastdepCC_FALSE='#'
am__fastdepCC_TRUE=''
am__include='include'
am__isrc=''
am__leading_dot='.'
am__nodep='_no'
am__quote=''
am__tar='$${TAR-tar} chof - "$$tardir"'
am__untar='$${TAR-tar} xf -'
bindir='${exec_prefix}/bin'
build='x86_64-pc-linux-gnu'
build_alias=''
build_cpu='x86_64'
build_os='linux-gnu'
build_vendor='pc'
datadir='${datarootdir}'
datarootdir='${prefix}/share'
docdir='${datarootdir}/doc/${PACKAGE_TARNAME}'
dvidir='${docdir}'
exec_prefix='${prefix}'
host='x86_64-pc-linux-gnu'
host_alias=''
host_cpu='x86_64'
host_os='linux-gnu'
host_vendor='pc'
htmldir='${docdir}'
includedir='${prefix}/include'
infodir='${datarootdir}/info'
install_sh='${SHELL} /home/forensics/Desktop/SS/moon-buggy-master/install-sh'
libdir='${exec_prefix}/lib'
libexecdir='${exec_prefix}/libexec'
localedir='${datarootdir}/locale'
localstatedir='${prefix}/var'
mandir='${datarootdir}/man'
mkdir_p='$(MKDIR_P)'
oldincludedir='/usr/include'
pdfdir='${docdir}'
prefix='/usr/local'
program_transform_name='s,x,x,'
psdir='${docdir}'
runstatedir='${localstatedir}/run'
sbindir='${exec_prefix}/sbin'
sharedstatedir='${prefix}/com'
short_getopt_FALSE=''
short_getopt_TRUE='#'
sysconfdir='${prefix}/etc'
target_alias=''

## ----------- ##
## confdefs.h. ##
## ----------- ##

/* confdefs.h */
#define PACKAGE_NAME "moon-buggy"
#define PACKAGE_TARNAME "moon-buggy"
#define PACKAGE_VERSION "1.0.51"
#define PACKAGE_STRING "moon-buggy 1.0.51"
#define PACKAGE_BUGREPORT "voss@seehuhn.de"
#define PACKAGE_URL ""
#define PACKAGE "moon-buggy"
#define VERSION "1.0.51"
#define _XOPEN_SOURCE 1
#define HAVE_LIBM 1
#define STDC_HEADERS 1
#define HAVE_SYS_TYPES_H 1
#define HAVE_SYS_STAT_H 1
#define HAVE_STDLIB_H 1
#define HAVE_STRING_H 1
#define HAVE_MEMORY_H 1
#define HAVE_STRINGS_H 1
#define HAVE_INTTYPES_H 1
#define HAVE_STDINT_H 1
#define HAVE_UNISTD_H 1
#define HAVE_CURSES_H 1
#define CURSES_HEADER <curses.h>
#define STDC_HEADERS 1
#define HAVE_GETOPT_H 1
#define HAVE_ERRNO_H 1
#define HAVE_LOCALE_H 1
#define HAVE_TERMIOS_H 1
#define HAVE_SYS_SELECT_H 1
#define RETSIGTYPE void
#define HAVE_FTRUNCATE 1
#define HAVE_GETOPT_LONG 1
#define HAVE_SETREUID 1
#define HAVE_SETLOCALE 1

configure: exit 0
